<html>
<head>
<title>TestNG:  Test</title>
<link href="../testng.css" rel="stylesheet" type="text/css" />
<link href="../my-testng.css" rel="stylesheet" type="text/css" />

<style type="text/css">
.log { display: none;} 
.stack-trace { display: none;} 
</style>
<script type="text/javascript">
<!--
function flip(e) {
  current = e.style.display;
  if (current == 'block') {
    e.style.display = 'none';
    return 0;
  }
  else {
    e.style.display = 'block';
    return 1;
  }
}

function toggleBox(szDivId, elem, msg1, msg2)
{
  var res = -1;  if (document.getElementById) {
    res = flip(document.getElementById(szDivId));
  }
  else if (document.all) {
    // this is the way old msie versions work
    res = flip(document.all[szDivId]);
  }
  if(elem) {
    if(res == 0) elem.innerHTML = msg1; else elem.innerHTML = msg2;
  }

}

function toggleAllBoxes() {
  if (document.getElementsByTagName) {
    d = document.getElementsByTagName('div');
    for (i = 0; i < d.length; i++) {
      if (d[i].className == 'log') {
        flip(d[i]);
      }
    }
  }
}

// -->
</script>

</head>
<body>
<h2 align='center'>Test</h2><table border='1' align="center">
<tr>
<td>Tests passed/Failed/Skipped:</td><td>6/1/0</td>
</tr><tr>
<td>Started on:</td><td>Wed Oct 12 16:08:34 IST 2022</td>
</tr>
<tr><td>Total time:</td><td>67 seconds (67481 ms)</td>
</tr><tr>
<td>Included groups:</td><td></td>
</tr><tr>
<td>Excluded groups:</td><td></td>
</tr>
</table><p/>
<small><i>(Hover the method name to see the test class name)</i></small><p/>
<table width='100%' border='1' class='invocation-failed'>
<tr><td colspan='4' align='center'><b>FAILED TESTS</b></td></tr>
<tr><td><b>Test method</b></td>
<td><b>Attribute(s)</b></td>
<td width="30%"><b>Exception</b></td>
<td width="10%"><b>Time (seconds)</b></td>
<td><b>Instance</b></td>
</tr>
<tr>
<td title='testClasses.VerifyUserCanLogin.login()'><b>login</b><br>Test class: testClasses.VerifyUserCanLogin</td>
<td><div><pre>java.lang.AssertionError: profileName not matching did not expect [Hello, PRASHANT] but found [Hello, PRASHANT]
	at testClasses.VerifyUserCanLogin.login(VerifyUserCanLogin.java:58)
	at java.base/java.util.ArrayList.forEach(ArrayList.java:1511)
... Removed 29 stack frames</pre></div><a href='#' onClick='toggleBox("stack-trace1981708431", this, "Click to show all stack frames", "Click to hide stack frames")'>Click to show all stack frames</a>
<div class='stack-trace' id='stack-trace1981708431'><pre>java.lang.AssertionError: profileName not matching did not expect [Hello, PRASHANT] but found [Hello, PRASHANT]
	at org.testng.Assert.fail(Assert.java:110)
	at org.testng.Assert.failEquals(Assert.java:1417)
	at org.testng.Assert.assertNotEqualsImpl(Assert.java:156)
	at org.testng.Assert.assertNotEquals(Assert.java:2033)
	at testClasses.VerifyUserCanLogin.login(VerifyUserCanLogin.java:58)
	at java.base/jdk.internal.reflect.DirectMethodHandleAccessor.invoke(DirectMethodHandleAccessor.java:104)
	at java.base/java.lang.reflect.Method.invoke(Method.java:577)
	at org.testng.internal.invokers.MethodInvocationHelper.invokeMethod(MethodInvocationHelper.java:139)
	at org.testng.internal.invokers.TestInvoker.invokeMethod(TestInvoker.java:677)
	at org.testng.internal.invokers.TestInvoker.invokeTestMethod(TestInvoker.java:221)
	at org.testng.internal.invokers.MethodRunner.runInSequence(MethodRunner.java:50)
	at org.testng.internal.invokers.TestInvoker$MethodInvocationAgent.invoke(TestInvoker.java:962)
	at org.testng.internal.invokers.TestInvoker.invokeTestMethods(TestInvoker.java:194)
	at org.testng.internal.invokers.TestMethodWorker.invokeTestMethods(TestMethodWorker.java:148)
	at org.testng.internal.invokers.TestMethodWorker.run(TestMethodWorker.java:128)
	at java.base/java.util.ArrayList.forEach(ArrayList.java:1511)
	at org.testng.TestRunner.privateRun(TestRunner.java:806)
	at org.testng.TestRunner.run(TestRunner.java:601)
	at org.testng.SuiteRunner.runTest(SuiteRunner.java:433)
	at org.testng.SuiteRunner.runSequentially(SuiteRunner.java:427)
	at org.testng.SuiteRunner.privateRun(SuiteRunner.java:387)
	at org.testng.SuiteRunner.run(SuiteRunner.java:330)
	at org.testng.SuiteRunnerWorker.runSuite(SuiteRunnerWorker.java:52)
	at org.testng.SuiteRunnerWorker.run(SuiteRunnerWorker.java:95)
	at org.testng.TestNG.runSuitesSequentially(TestNG.java:1256)
	at org.testng.TestNG.runSuitesLocally(TestNG.java:1176)
	at org.testng.TestNG.runSuites(TestNG.java:1099)
	at org.testng.TestNG.run(TestNG.java:1067)
	at org.testng.remote.AbstractRemoteTestNG.run(AbstractRemoteTestNG.java:115)
	at org.testng.remote.RemoteTestNG.initAndRun(RemoteTestNG.java:251)
	at org.testng.remote.RemoteTestNG.main(RemoteTestNG.java:77)
</pre></div></td>
<td>6</td>
<td>testClasses.VerifyUserCanLogin@765d7657</td></tr>
</table><p>
<table width='100%' border='1' class='invocation-passed'>
<tr><td colspan='4' align='center'><b>PASSED TESTS</b></td></tr>
<tr><td><b>Test method</b></td>
<td><b>Attribute(s)</b></td>
<td width="30%"><b>Exception</b></td>
<td width="10%"><b>Time (seconds)</b></td>
<td><b>Instance</b></td>
</tr>
<tr>
<td title='testClasses.VerifyUserCanGetLowestPrice.getLowestPriceOfProduct()'><b>getLowestPriceOfProduct</b><br>Test class: testClasses.VerifyUserCanGetLowestPrice</td>
<td></td>
<td>10</td>
<td>testClasses.VerifyUserCanGetLowestPrice@411f53a0</td></tr>
<tr>
<td title='testClasses.VerifyUserCanAddTheAddress.verifyAddressPageIsOpened()'><b>verifyAddressPageIsOpened</b><br>Test class: testClasses.VerifyUserCanAddTheAddress</td>
<td></td>
<td>2</td>
<td>testClasses.VerifyUserCanAddTheAddress@2b71e916</td></tr>
<tr>
<td title='testClasses.VerifyUserCanGetLowestPrice.s()'><b>s</b><br>Test class: testClasses.VerifyUserCanGetLowestPrice</td>
<td></td>
<td>0</td>
<td>testClasses.VerifyUserCanGetLowestPrice@411f53a0</td></tr>
<tr>
<td title='testClasses.VerifyUserCanAddTheAddress.addTheAddress()'><b>addTheAddress</b><br>Test class: testClasses.VerifyUserCanAddTheAddress<br>Parameters: prashant borade, 8329131619, 416119, flat no-1, guarishankar nagar,mudshingi, near khat karkhana</td>
<td></td>
<td>13</td>
<td>testClasses.VerifyUserCanAddTheAddress@2b71e916</td></tr>
<tr>
<td title='testClasses.VerifyUserCanAddTheAddress.addTheAddress()'><b>addTheAddress</b><br>Test class: testClasses.VerifyUserCanAddTheAddress<br>Parameters: satish patil, 9119486162, 416005, flat no-2, maratha chauk,mudshingi, near khat karkhana</td>
<td></td>
<td>14</td>
<td>testClasses.VerifyUserCanAddTheAddress@2b71e916</td></tr>
<tr>
<td title='testClasses.VerifyUserCanLogin.searchProduct()'><b>searchProduct</b><br>Test class: testClasses.VerifyUserCanLogin</td>
<td></td>
<td>10</td>
<td>testClasses.VerifyUserCanLogin@765d7657</td></tr>
</table><p>
</body>
</html>