<?xml version="1.0" encoding="UTF-8"?>
<!-- Generated by org.testng.reporters.JUnitXMLReporter -->
<testsuite ignored="0" hostname="DESKTOP-S047Q6J" failures="1" tests="7" name="Test" time="67.481" errors="0" timestamp="2022-10-12T16:09:42 IST">
  <testcase classname="testClasses.VerifyUserCanLogin" name="login" time="6.487">
    <failure type="java.lang.AssertionError" message="profileName not matching did not expect [Hello, PRASHANT] but found [Hello, PRASHANT]">
      <![CDATA[java.lang.AssertionError: profileName not matching did not expect [Hello, PRASHANT] but found [Hello, PRASHANT]
at testClasses.VerifyUserCanLogin.login(VerifyUserCanLogin.java:58)
at java.base/java.util.ArrayList.forEach(ArrayList.java:1511)
... Removed 29 stack frames]]>
    </failure>
  </testcase> <!-- login -->
  <testcase classname="testClasses.VerifyUserCanLogin" name="searchProduct" time="10.448"/>
  <testcase classname="testClasses.VerifyUserCanGetLowestPrice" name="s" time="0.007"/>
  <testcase classname="testClasses.VerifyUserCanGetLowestPrice" name="getLowestPriceOfProduct" time="10.016"/>
  <testcase classname="testClasses.VerifyUserCanAddTheAddress" name="verifyAddressPageIsOpened" time="2.876"/>
  <testcase classname="testClasses.VerifyUserCanAddTheAddress" name="addTheAddress" time="13.992"/>
  <testcase classname="testClasses.VerifyUserCanAddTheAddress" name="addTheAddress" time="14.163"/>
</testsuite> <!-- Test -->
